<?xml version="1.0" encoding="UTF-8"?>
<beans
	xmlns="http://www.springframework.org/schema/beans"
	xmlns:xsi="http://www.w3.org/2001/XMLSchema-instance"
	xmlns:p="http://www.springframework.org/schema/p"
	xmlns:context="http://www.springframework.org/schema/context"
	xsi:schemaLocation="http://www.springframework.org/schema/beans 
		http://www.springframework.org/schema/beans/spring-beans-3.1.xsd 
		http://www.springframework.org/schema/tx 
		http://www.springframework.org/schema/tx/spring-tx.xsd
		http://www.springframework.org/schema/context
        http://www.springframework.org/schema/context/spring-context-3.1.xsd" 
	xmlns:tx="http://www.springframework.org/schema/tx">
	
	<!-- context:component-scan base-package="com.axleli.server.service"/-->
	<context:component-scan base-package="com.axleli.server.dao"/>
	

   <bean id="entityManagerFactory" class="org.springframework.orm.jpa.LocalContainerEntityManagerFactoryBean">
     <property name="dataSource" ref="datagridDS"></property>
     <property name="persistenceProviderClass" value="org.hibernate.ejb.HibernatePersistence"></property>
   </bean>
	
	
	<tx:annotation-driven transaction-manager="transactionManager" />

	<bean id="transactionManager" class="org.springframework.orm.jpa.JpaTransactionManager">
  		<property name="entityManagerFactory" ref="entityManagerFactory"/>
    </bean>
	  
	<!-- post-processors for all standard config annotations -->
    <context:annotation-config/>


</beans>